2024-10-23 23:23:26,522 - app.repl - INFO - Advanced Python Calculator started. Type 'exit' to quit.
2024-10-23 23:23:26,528 - app.repl - INFO - Calculator exited.
2024-10-23 23:23:26,529 - app.repl - WARNING - Invalid input format.
2024-10-23 23:23:27,000 - app.repl - INFO - Advanced Python Calculator started. Type 'exit' to quit.
2024-10-23 23:23:27,003 - app.repl - WARNING - Unknown command: unknown
2024-10-23 23:23:27,004 - app.repl - INFO - Calculator exited.
2024-10-23 23:23:27,005 - app.repl - WARNING - Invalid input format.
2024-10-23 23:23:27,461 - app.repl - INFO - Advanced Python Calculator started. Type 'exit' to quit.
2024-10-23 23:23:27,465 - app.repl - WARNING - Invalid input format.
2024-10-23 23:23:27,467 - app.repl - INFO - Calculator exited.
2024-10-23 23:23:27,468 - app.repl - WARNING - Invalid input format.
2024-10-23 23:32:03,638 - app.repl - INFO - Advanced Python Calculator started. Type 'exit' to quit.
2024-10-23 23:32:03,649 - app.repl - INFO - Calculator exited.
2024-10-23 23:32:03,650 - app.repl - WARNING - Invalid input format.
2024-10-23 23:32:03,947 - app.repl - INFO - Advanced Python Calculator started. Type 'exit' to quit.
2024-10-23 23:32:03,950 - app.repl - WARNING - Invalid input format.
2024-10-23 23:32:03,952 - app.repl - INFO - Calculator exited.
2024-10-23 23:32:03,971 - app.repl - INFO - Advanced Python Calculator started. Type 'exit' to quit.
2024-10-23 23:32:03,977 - app.repl - WARNING - Invalid input format.
2024-10-23 23:32:03,978 - app.repl - INFO - Calculator exited.
2024-10-23 23:33:51,751 - app.repl - INFO - Advanced Python Calculator started. Type 'exit' to quit.
2024-10-23 23:33:51,759 - app.repl - INFO - Calculator exited.
2024-10-23 23:33:51,760 - app.repl - WARNING - Invalid input format.
2024-10-23 23:33:52,042 - app.repl - INFO - Advanced Python Calculator started. Type 'exit' to quit.
2024-10-23 23:33:52,045 - app.repl - WARNING - Invalid input format.
2024-10-23 23:33:52,046 - app.repl - INFO - Calculator exited.
2024-10-23 23:33:52,073 - app.repl - INFO - Advanced Python Calculator started. Type 'exit' to quit.
2024-10-23 23:33:52,075 - app.repl - WARNING - Invalid input format.
2024-10-23 23:33:52,075 - app.repl - INFO - Calculator exited.
2024-10-23 23:34:07,868 - app.repl - INFO - Advanced Python Calculator started. Type 'exit' to quit.
2024-10-23 23:34:07,873 - app.repl - INFO - Calculator exited.
2024-10-23 23:34:07,874 - app.repl - WARNING - Invalid input format.
2024-10-23 23:34:08,237 - app.repl - INFO - Advanced Python Calculator started. Type 'exit' to quit.
2024-10-23 23:34:08,239 - app.repl - WARNING - Invalid input format.
2024-10-23 23:34:08,240 - app.repl - INFO - Calculator exited.
2024-10-23 23:34:08,273 - app.repl - INFO - Advanced Python Calculator started. Type 'exit' to quit.
2024-10-23 23:34:08,275 - app.repl - WARNING - Invalid input format.
2024-10-23 23:34:08,276 - app.repl - INFO - Calculator exited.
2024-10-23 23:34:16,669 - app.repl - INFO - Advanced Python Calculator started. Type 'exit' to quit.
2024-10-23 23:34:16,681 - app.repl - INFO - Calculator exited.
2024-10-23 23:34:16,682 - app.repl - WARNING - Invalid input format.
2024-10-23 23:34:16,950 - app.repl - INFO - Advanced Python Calculator started. Type 'exit' to quit.
2024-10-23 23:34:16,952 - app.repl - WARNING - Invalid input format.
2024-10-23 23:34:16,953 - app.repl - INFO - Calculator exited.
2024-10-23 23:34:16,964 - app.repl - INFO - Advanced Python Calculator started. Type 'exit' to quit.
2024-10-23 23:34:16,966 - app.repl - WARNING - Invalid input format.
2024-10-23 23:34:16,967 - app.repl - INFO - Calculator exited.
2024-10-23 23:36:43,128 - app.repl - INFO - Advanced Python Calculator started. Type 'exit' to quit.
2024-10-23 23:36:43,159 - app.repl - INFO - Advanced Python Calculator started. Type 'exit' to quit.
2024-10-23 23:36:43,172 - app.repl - INFO - Advanced Python Calculator started. Type 'exit' to quit.
2024-10-23 23:37:41,096 - app.repl - INFO - Advanced Python Calculator started. Type 'exit' to quit.
2024-10-23 23:37:41,112 - app.repl - INFO - Advanced Python Calculator started. Type 'exit' to quit.
2024-10-23 23:37:41,130 - app.repl - INFO - Advanced Python Calculator started. Type 'exit' to quit.
2024-10-23 23:38:33,870 - app.repl - INFO - Advanced Python Calculator started. Type 'exit' to quit.
2024-10-23 23:38:33,902 - app.repl - INFO - Advanced Python Calculator started. Type 'exit' to quit.
2024-10-23 23:38:33,931 - app.repl - INFO - Advanced Python Calculator started. Type 'exit' to quit.
2024-10-23 23:41:11,156 - app.repl - INFO - Advanced Python Calculator started. Type 'exit' to quit.
2024-10-23 23:41:11,175 - app.repl - INFO - Advanced Python Calculator started. Type 'exit' to quit.
2024-10-23 23:41:11,191 - app.repl - INFO - Advanced Python Calculator started. Type 'exit' to quit.
2024-10-23 23:43:28,761 - app.repl - INFO - Advanced Python Calculator started. Type 'exit' to quit.
2024-10-23 23:43:28,778 - app.repl - INFO - Advanced Python Calculator started. Type 'exit' to quit.
2024-10-23 23:43:28,806 - app.repl - INFO - Advanced Python Calculator started. Type 'exit' to quit.
2024-10-23 23:44:20,568 - app.repl - INFO - Advanced Python Calculator started. Type 'exit' to quit.
2024-10-23 23:44:20,590 - app.repl - INFO - Advanced Python Calculator started. Type 'exit' to quit.
2024-10-23 23:44:20,611 - app.repl - INFO - Advanced Python Calculator started. Type 'exit' to quit.
2024-10-23 23:45:03,255 - app.repl - INFO - Advanced Python Calculator started. Type 'exit' to quit.
2024-10-23 23:45:03,270 - app.repl - INFO - Advanced Python Calculator started. Type 'exit' to quit.
2024-10-23 23:45:03,286 - app.repl - INFO - Advanced Python Calculator started. Type 'exit' to quit.
2024-10-23 23:46:40,494 - app.repl - INFO - Advanced Python Calculator started. Type 'exit' to quit.
2024-10-23 23:46:40,498 - app.repl - INFO - Calculator exited.
2024-10-23 23:46:40,498 - app.repl - WARNING - Invalid input format.
2024-10-23 23:46:40,804 - app.repl - INFO - Advanced Python Calculator started. Type 'exit' to quit.
2024-10-23 23:46:40,805 - app.repl - WARNING - Invalid input format.
2024-10-23 23:46:40,808 - app.repl - INFO - Calculator exited.
2024-10-23 23:46:40,809 - app.repl - WARNING - Invalid input format.
2024-10-23 23:46:41,146 - app.repl - INFO - Advanced Python Calculator started. Type 'exit' to quit.
2024-10-23 23:46:41,147 - app.repl - ERROR - Invalid input: non-numeric value provided.
2024-10-23 23:46:41,148 - app.repl - INFO - Calculator exited.
2024-10-23 23:46:41,148 - app.repl - WARNING - Invalid input format.
2024-10-23 23:49:45,896 - app.repl - INFO - Advanced Python Calculator started. Type 'exit' to quit.
2024-10-23 23:49:45,901 - app.repl - INFO - Calculator exited.
2024-10-23 23:49:45,902 - app.repl - WARNING - Invalid input format.
2024-10-23 23:49:46,181 - app.repl - INFO - Advanced Python Calculator started. Type 'exit' to quit.
2024-10-23 23:49:46,181 - app.repl - WARNING - Invalid input format.
2024-10-23 23:49:46,182 - app.repl - INFO - Calculator exited.
2024-10-23 23:49:46,183 - app.repl - WARNING - Invalid input format.
2024-10-23 23:49:46,523 - app.repl - INFO - Advanced Python Calculator started. Type 'exit' to quit.
2024-10-23 23:49:46,523 - app.repl - ERROR - Invalid input: non-numeric value provided.
2024-10-23 23:49:46,525 - app.repl - INFO - Calculator exited.
2024-10-23 23:49:46,525 - app.repl - WARNING - Invalid input format.
2024-10-23 23:52:46,485 - app.repl - INFO - Advanced Python Calculator started. Type 'exit' to quit.
2024-10-23 23:52:46,492 - app.repl - INFO - Calculator exited.
2024-10-23 23:52:46,500 - app.repl - INFO - Advanced Python Calculator started. Type 'exit' to quit.
2024-10-23 23:52:46,501 - app.repl - WARNING - Invalid input format.
2024-10-23 23:52:46,502 - app.repl - INFO - Calculator exited.
2024-10-23 23:52:46,514 - app.repl - INFO - Advanced Python Calculator started. Type 'exit' to quit.
2024-10-23 23:52:46,517 - app.repl - ERROR - Invalid input: non-numeric value provided.
2024-10-23 23:52:46,518 - app.repl - INFO - Calculator exited.
2024-10-24 00:01:42,313 - app.repl - INFO - Advanced Python Calculator started. Type 'exit' to quit.
2024-10-24 00:01:42,324 - app.repl - INFO - Calculator exited.
2024-10-24 00:01:42,407 - app.repl - INFO - Advanced Python Calculator started. Type 'exit' to quit.
2024-10-24 00:01:42,408 - app.repl - WARNING - Invalid input format.
2024-10-24 00:01:42,410 - app.repl - INFO - Calculator exited.
2024-10-24 00:01:42,421 - app.repl - INFO - Advanced Python Calculator started. Type 'exit' to quit.
2024-10-24 00:01:42,424 - app.repl - ERROR - Invalid input: non-numeric value provided.
2024-10-24 00:01:42,425 - app.repl - INFO - Calculator exited.
2024-10-24 00:03:42,738 - app.repl - INFO - Advanced Python Calculator started. Type 'exit' to quit.
2024-10-24 00:03:42,796 - app.repl - INFO - Calculator exited.
2024-10-24 00:03:42,805 - app.repl - INFO - Advanced Python Calculator started. Type 'exit' to quit.
2024-10-24 00:03:42,806 - app.repl - WARNING - Invalid input format.
2024-10-24 00:03:42,807 - app.repl - INFO - Calculator exited.
2024-10-24 00:03:42,812 - app.repl - INFO - Advanced Python Calculator started. Type 'exit' to quit.
2024-10-24 00:03:42,813 - app.repl - ERROR - Invalid input: non-numeric value provided.
2024-10-24 00:03:42,818 - app.repl - INFO - Calculator exited.
2024-10-24 00:05:11,336 - app.repl - INFO - Advanced Python Calculator started. Type 'exit' to quit.
2024-10-24 00:05:11,386 - app.repl - INFO - Calculator exited.
2024-10-24 00:05:11,390 - app.repl - INFO - Advanced Python Calculator started. Type 'exit' to quit.
2024-10-24 00:05:11,391 - app.repl - WARNING - Invalid input format.
2024-10-24 00:05:11,392 - app.repl - INFO - Calculator exited.
2024-10-24 00:05:11,396 - app.repl - INFO - Advanced Python Calculator started. Type 'exit' to quit.
2024-10-24 00:05:11,397 - app.repl - ERROR - Invalid input: non-numeric value provided.
2024-10-24 00:05:11,398 - app.repl - INFO - Calculator exited.
2024-10-24 00:06:22,876 - app.repl - INFO - Advanced Python Calculator started. Type 'exit' to quit.
2024-10-24 00:06:22,886 - app.repl - INFO - Calculator exited.
2024-10-24 00:06:22,896 - app.repl - INFO - Advanced Python Calculator started. Type 'exit' to quit.
2024-10-24 00:06:22,898 - app.repl - WARNING - Invalid input format.
2024-10-24 00:06:22,899 - app.repl - INFO - Calculator exited.
2024-10-24 00:06:22,910 - app.repl - INFO - Advanced Python Calculator started. Type 'exit' to quit.
2024-10-24 00:06:22,911 - app.repl - ERROR - Invalid input: non-numeric value provided.
2024-10-24 00:06:22,914 - app.repl - INFO - Calculator exited.
2024-10-24 00:11:22,216 - __main__ - INFO - Advanced Python Calculator started. Type 'exit' to quit.
2024-10-24 00:12:11,414 - __main__ - INFO - Calculator exited.
2024-10-24 00:12:33,275 - __main__ - INFO - Advanced Python Calculator started. Type 'exit' to quit.
2024-10-24 00:14:04,624 - __main__ - INFO - Calculator exited.
2024-10-24 00:15:02,070 - __main__ - INFO - Advanced Python Calculator started. Type 'exit' to quit.
2024-10-24 00:16:02,871 - __main__ - INFO - Calculator exited.
2024-10-24 00:23:00,287 - __main__ - INFO - Advanced Python Calculator started. Type 'exit' to quit.
2024-10-24 00:23:33,185 - __main__ - INFO - Calculator exited.
2024-10-24 00:28:37,157 - app.repl - INFO - Advanced Python Calculator started. Type 'exit' to quit.
2024-10-24 00:28:37,169 - app.repl - INFO - Calculator exited.
2024-10-24 00:28:37,178 - app.repl - INFO - Advanced Python Calculator started. Type 'exit' to quit.
2024-10-24 00:28:37,184 - app.repl - WARNING - Invalid input format.
2024-10-24 00:28:37,185 - app.repl - INFO - Calculator exited.
2024-10-24 00:28:37,191 - app.repl - INFO - Advanced Python Calculator started. Type 'exit' to quit.
2024-10-24 00:28:37,192 - app.repl - ERROR - Invalid input: non-numeric value provided.
2024-10-24 00:28:37,195 - app.repl - INFO - Calculator exited.
2024-10-24 00:31:27,872 - app.repl - INFO - Advanced Python Calculator started. Type 'exit' to quit.
2024-10-24 00:31:27,885 - app.repl - INFO - Calculator exited.
2024-10-24 00:31:27,948 - app.repl - INFO - Advanced Python Calculator started. Type 'exit' to quit.
2024-10-24 00:31:27,949 - app.repl - WARNING - Invalid input format.
2024-10-24 00:31:27,951 - app.repl - INFO - Calculator exited.
2024-10-24 00:31:27,958 - app.repl - INFO - Advanced Python Calculator started. Type 'exit' to quit.
2024-10-24 00:31:27,959 - app.repl - ERROR - Invalid input: non-numeric value provided.
2024-10-24 00:31:27,960 - app.repl - INFO - Calculator exited.
2024-10-24 00:32:41,055 - __main__ - INFO - Advanced Python Calculator started. Type 'exit' to quit.
2024-10-24 00:33:18,615 - __main__ - INFO - Calculator exited.
2024-10-24 00:33:51,997 - __main__ - INFO - Advanced Python Calculator started. Type 'exit' to quit.
2024-10-24 00:44:28,251 - __main__ - WARNING - Invalid input format.
2024-10-24 00:57:26,806 - __main__ - WARNING - Invalid input format.
2024-10-24 00:59:59,064 - __main__ - INFO - Calculator exited.
2024-10-24 01:04:58,152 - app.repl - INFO - Advanced Python Calculator started. Type 'exit' to quit.
2024-10-24 01:04:58,158 - app.repl - INFO - Calculator exited.
2024-10-24 01:04:58,167 - app.repl - INFO - Advanced Python Calculator started. Type 'exit' to quit.
2024-10-24 01:04:58,169 - app.repl - WARNING - Invalid input format.
2024-10-24 01:04:58,171 - app.repl - INFO - Calculator exited.
2024-10-24 01:04:58,188 - app.repl - INFO - Advanced Python Calculator started. Type 'exit' to quit.
2024-10-24 01:04:58,196 - app.repl - ERROR - Invalid input: non-numeric value provided.
2024-10-24 01:04:58,201 - app.repl - INFO - Calculator exited.
2024-10-24 01:07:32,247 - app.repl - INFO - Advanced Python Calculator started. Type 'exit' to quit.
2024-10-24 01:07:32,261 - app.repl - INFO - Calculator exited.
2024-10-24 01:07:32,318 - app.repl - INFO - Advanced Python Calculator started. Type 'exit' to quit.
2024-10-24 01:07:32,321 - app.repl - WARNING - Invalid input format.
2024-10-24 01:07:32,322 - app.repl - INFO - Calculator exited.
2024-10-24 01:07:32,328 - app.repl - INFO - Advanced Python Calculator started. Type 'exit' to quit.
2024-10-24 01:07:32,329 - app.repl - ERROR - Invalid input: non-numeric value provided.
2024-10-24 01:07:32,341 - app.repl - INFO - Calculator exited.
2024-10-24 01:07:59,554 - __main__ - INFO - Advanced Python Calculator started. Type 'exit' to quit.
2024-10-24 01:08:26,062 - __main__ - INFO - Calculator exited.
2024-10-24 01:23:29,646 - app.repl - INFO - Advanced Python Calculator started. Type 'exit' to quit.
2024-10-24 01:23:29,657 - app.repl - INFO - Calculator exited.
2024-10-24 01:23:29,705 - app.repl - INFO - Advanced Python Calculator started. Type 'exit' to quit.
2024-10-24 01:23:29,707 - app.repl - WARNING - Invalid input format.
2024-10-24 01:23:29,709 - app.repl - INFO - Calculator exited.
2024-10-24 01:23:29,717 - app.repl - INFO - Advanced Python Calculator started. Type 'exit' to quit.
2024-10-24 01:23:29,719 - app.repl - ERROR - Invalid input: non-numeric value provided.
2024-10-24 01:23:29,720 - app.repl - INFO - Calculator exited.
2024-10-24 01:23:59,817 - __main__ - INFO - Advanced Python Calculator started. Type 'exit' to quit.
2024-10-24 01:24:30,976 - __main__ - INFO - Calculator exited.
2024-10-24 01:25:05,747 - app.repl - INFO - Advanced Python Calculator started. Type 'exit' to quit.
2024-10-24 01:25:05,751 - app.repl - INFO - Calculator exited.
2024-10-24 01:25:05,819 - app.repl - INFO - Advanced Python Calculator started. Type 'exit' to quit.
2024-10-24 01:25:05,821 - app.repl - WARNING - Invalid input format.
2024-10-24 01:25:05,823 - app.repl - INFO - Calculator exited.
2024-10-24 01:25:05,828 - app.repl - INFO - Advanced Python Calculator started. Type 'exit' to quit.
2024-10-24 01:25:05,830 - app.repl - ERROR - Invalid input: non-numeric value provided.
2024-10-24 01:25:05,832 - app.repl - INFO - Calculator exited.
2024-10-24 01:25:13,932 - __main__ - INFO - Advanced Python Calculator started. Type 'exit' to quit.
2024-10-24 11:22:50,477 - __main__ - INFO - Calculator exited.
2024-10-24 11:23:32,223 - app.repl - INFO - Advanced Python Calculator started. Type 'exit' to quit.
2024-10-24 11:23:32,234 - app.repl - INFO - Calculator exited.
2024-10-24 11:23:32,309 - app.repl - INFO - Advanced Python Calculator started. Type 'exit' to quit.
2024-10-24 11:23:32,310 - app.repl - WARNING - Invalid input format.
2024-10-24 11:23:32,312 - app.repl - INFO - Calculator exited.
2024-10-24 11:23:32,318 - app.repl - INFO - Advanced Python Calculator started. Type 'exit' to quit.
2024-10-24 11:23:32,319 - app.repl - ERROR - Invalid input: non-numeric value provided.
2024-10-24 11:23:32,321 - app.repl - INFO - Calculator exited.
2024-10-24 11:25:41,914 - app.repl - INFO - Advanced Python Calculator started. Type 'exit' to quit.
2024-10-24 11:25:41,950 - app.repl - INFO - Calculator exited.
2024-10-24 11:25:42,014 - app.repl - INFO - Advanced Python Calculator started. Type 'exit' to quit.
2024-10-24 11:25:42,016 - app.repl - WARNING - Invalid input format.
2024-10-24 11:25:42,018 - app.repl - INFO - Calculator exited.
2024-10-24 11:25:42,023 - app.repl - INFO - Advanced Python Calculator started. Type 'exit' to quit.
2024-10-24 11:25:42,024 - app.repl - ERROR - Invalid input: non-numeric value provided.
2024-10-24 11:25:42,025 - app.repl - INFO - Calculator exited.
2024-10-24 11:32:38,310 - app.repl - INFO - Advanced Python Calculator started. Type 'exit' to quit.
2024-10-24 11:32:38,317 - app.repl - INFO - Calculator exited.
2024-10-24 11:32:38,382 - app.repl - INFO - Advanced Python Calculator started. Type 'exit' to quit.
2024-10-24 11:32:38,383 - app.repl - WARNING - Invalid input format.
2024-10-24 11:32:38,384 - app.repl - INFO - Calculator exited.
2024-10-24 11:32:38,391 - app.repl - INFO - Advanced Python Calculator started. Type 'exit' to quit.
2024-10-24 11:32:38,394 - app.repl - ERROR - Invalid input: non-numeric value provided.
2024-10-24 11:32:38,396 - app.repl - INFO - Calculator exited.
2024-10-24 11:45:51,730 - app.repl - INFO - Advanced Python Calculator started. Type 'exit' to quit.
2024-10-24 11:45:51,740 - app.repl - INFO - Calculator exited.
2024-10-24 11:45:51,775 - app.repl - INFO - Advanced Python Calculator started. Type 'exit' to quit.
2024-10-24 11:45:51,775 - app.repl - WARNING - Invalid input format.
2024-10-24 11:45:51,776 - app.repl - INFO - Calculator exited.
2024-10-24 11:45:51,780 - app.repl - INFO - Advanced Python Calculator started. Type 'exit' to quit.
2024-10-24 11:45:51,780 - app.repl - ERROR - Invalid input: non-numeric value provided.
2024-10-24 11:45:51,781 - app.repl - INFO - Calculator exited.
2024-10-24 11:45:51,786 - app.repl - INFO - Advanced Python Calculator started. Type 'exit' to quit.
2024-10-24 11:45:51,787 - app.repl - ERROR - Invalid input: non-numeric value provided.
2024-10-24 11:45:51,787 - app.repl - INFO - Calculator exited.
2024-10-24 11:45:51,902 - app.repl - INFO - Advanced Python Calculator started. Type 'exit' to quit.
2024-10-24 11:45:51,903 - app.repl - INFO - Calculator exited.
2024-10-24 11:45:51,906 - app.repl - INFO - Advanced Python Calculator started. Type 'exit' to quit.
2024-10-24 11:45:51,908 - app.repl - INFO - Calculator exited.
2024-10-24 11:45:51,962 - app.repl - INFO - Advanced Python Calculator started. Type 'exit' to quit.
2024-10-24 11:45:51,966 - app.repl - INFO - Calculator exited.
2024-10-24 11:48:44,092 - app.repl - INFO - Advanced Python Calculator started. Type 'exit' to quit.
2024-10-24 11:48:44,102 - app.repl - INFO - Calculator exited.
2024-10-24 11:48:44,338 - app.repl - INFO - Advanced Python Calculator started. Type 'exit' to quit.
2024-10-24 11:48:44,340 - app.repl - ERROR - Invalid input: non-numeric value provided.
2024-10-24 11:48:44,343 - app.repl - INFO - Calculator exited.
2024-10-24 11:48:44,402 - app.repl - INFO - Advanced Python Calculator started. Type 'exit' to quit.
2024-10-24 11:48:44,402 - app.repl - WARNING - Invalid input format.
2024-10-24 11:48:44,403 - app.repl - INFO - Calculator exited.
2024-10-24 11:48:44,486 - app.repl - INFO - Advanced Python Calculator started. Type 'exit' to quit.
2024-10-24 11:48:44,487 - app.repl - ERROR - Invalid input: non-numeric value provided.
2024-10-24 11:48:44,488 - app.repl - INFO - Calculator exited.
2024-10-24 11:48:44,494 - app.repl - INFO - Advanced Python Calculator started. Type 'exit' to quit.
2024-10-24 11:48:44,497 - app.repl - INFO - Calculator exited.
2024-10-24 11:50:13,797 - app.repl - INFO - Advanced Python Calculator started. Type 'exit' to quit.
2024-10-24 11:50:13,803 - app.repl - INFO - Calculator exited.
2024-10-24 11:50:13,935 - app.repl - INFO - Advanced Python Calculator started. Type 'exit' to quit.
2024-10-24 11:50:13,936 - app.repl - ERROR - Invalid input: non-numeric value provided.
2024-10-24 11:50:13,937 - app.repl - INFO - Calculator exited.
2024-10-24 11:50:13,987 - app.repl - INFO - Advanced Python Calculator started. Type 'exit' to quit.
2024-10-24 11:50:13,988 - app.repl - WARNING - Invalid input format.
2024-10-24 11:50:13,988 - app.repl - INFO - Calculator exited.
2024-10-24 11:50:14,057 - app.repl - INFO - Advanced Python Calculator started. Type 'exit' to quit.
2024-10-24 11:50:14,059 - app.repl - ERROR - Invalid input: non-numeric value provided.
2024-10-24 11:50:14,061 - app.repl - INFO - Calculator exited.
2024-10-24 11:50:14,068 - app.repl - INFO - Advanced Python Calculator started. Type 'exit' to quit.
2024-10-24 11:50:14,070 - app.repl - INFO - Calculator exited.
2024-10-24 11:51:51,278 - app.repl - INFO - Advanced Python Calculator started. Type 'exit' to quit.
2024-10-24 11:51:51,285 - app.repl - INFO - Calculator exited.
2024-10-24 11:51:51,572 - app.repl - INFO - Advanced Python Calculator started. Type 'exit' to quit.
2024-10-24 11:51:51,573 - app.repl - ERROR - Invalid input: non-numeric value provided.
2024-10-24 11:51:51,574 - app.repl - INFO - Calculator exited.
2024-10-24 11:51:51,622 - app.repl - INFO - Advanced Python Calculator started. Type 'exit' to quit.
2024-10-24 11:51:51,623 - app.repl - WARNING - Invalid input format.
2024-10-24 11:51:51,623 - app.repl - INFO - Calculator exited.
2024-10-24 11:51:51,674 - app.repl - INFO - Advanced Python Calculator started. Type 'exit' to quit.
2024-10-24 11:51:51,675 - app.repl - ERROR - Invalid input: non-numeric value provided.
2024-10-24 11:51:51,676 - app.repl - INFO - Calculator exited.
2024-10-24 11:51:51,678 - app.repl - INFO - Advanced Python Calculator started. Type 'exit' to quit.
2024-10-24 11:51:51,680 - app.repl - INFO - Calculator exited.
2024-10-24 11:53:52,597 - app.repl - INFO - Advanced Python Calculator started. Type 'exit' to quit.
2024-10-24 11:53:52,609 - app.repl - INFO - Calculator exited.
2024-10-24 11:53:52,651 - app.repl - INFO - Advanced Python Calculator started. Type 'exit' to quit.
2024-10-24 11:53:52,652 - app.repl - WARNING - Invalid input format.
2024-10-24 11:53:52,652 - app.repl - INFO - Calculator exited.
2024-10-24 11:53:52,659 - app.repl - INFO - Advanced Python Calculator started. Type 'exit' to quit.
2024-10-24 11:53:52,660 - app.repl - ERROR - Invalid input: non-numeric value provided.
2024-10-24 11:53:52,662 - app.repl - INFO - Calculator exited.
2024-10-24 12:05:42,875 - app.repl - INFO - Advanced Python Calculator started. Type 'exit' to quit.
2024-10-24 12:05:42,882 - app.repl - INFO - Calculator exited.
2024-10-24 12:05:42,888 - app.repl - INFO - Advanced Python Calculator started. Type 'exit' to quit.
2024-10-24 12:05:42,889 - app.repl - WARNING - Invalid input format.
2024-10-24 12:05:42,889 - app.repl - INFO - Calculator exited.
2024-10-24 12:05:42,892 - app.repl - INFO - Advanced Python Calculator started. Type 'exit' to quit.
2024-10-24 12:05:42,892 - app.repl - ERROR - Invalid input: non-numeric value provided.
2024-10-24 12:05:42,893 - app.repl - INFO - Calculator exited.
2024-10-24 12:08:09,020 - app.repl - INFO - Advanced Python Calculator started. Type 'exit' to quit.
2024-10-24 12:08:09,022 - app.repl - INFO - Calculator exited.
2024-10-24 12:08:09,025 - app.repl - INFO - Advanced Python Calculator started. Type 'exit' to quit.
2024-10-24 12:08:09,025 - app.repl - WARNING - Invalid input format.
2024-10-24 12:08:09,026 - app.repl - INFO - Calculator exited.
2024-10-24 12:08:09,029 - app.repl - INFO - Advanced Python Calculator started. Type 'exit' to quit.
2024-10-24 12:08:09,030 - app.repl - ERROR - Invalid input: non-numeric value provided.
2024-10-24 12:08:09,032 - app.repl - INFO - Calculator exited.
2024-10-24 12:08:18,947 - app.repl - INFO - Advanced Python Calculator started. Type 'exit' to quit.
2024-10-24 12:08:18,950 - app.repl - INFO - Calculator exited.
2024-10-24 12:08:18,987 - app.repl - INFO - Advanced Python Calculator started. Type 'exit' to quit.
2024-10-24 12:08:18,988 - app.repl - WARNING - Invalid input format.
2024-10-24 12:08:18,988 - app.repl - INFO - Calculator exited.
2024-10-24 12:08:18,992 - app.repl - INFO - Advanced Python Calculator started. Type 'exit' to quit.
2024-10-24 12:08:18,992 - app.repl - ERROR - Invalid input: non-numeric value provided.
2024-10-24 12:08:18,993 - app.repl - INFO - Calculator exited.
2024-10-24 12:08:37,230 - app.repl - INFO - Advanced Python Calculator started. Type 'exit' to quit.
2024-10-24 12:08:37,234 - app.repl - INFO - Calculator exited.
2024-10-24 12:08:37,272 - app.repl - INFO - Advanced Python Calculator started. Type 'exit' to quit.
2024-10-24 12:08:37,274 - app.repl - WARNING - Invalid input format.
2024-10-24 12:08:37,276 - app.repl - INFO - Calculator exited.
2024-10-24 12:08:37,281 - app.repl - INFO - Advanced Python Calculator started. Type 'exit' to quit.
2024-10-24 12:08:37,282 - app.repl - ERROR - Invalid input: non-numeric value provided.
2024-10-24 12:08:37,283 - app.repl - INFO - Calculator exited.
2024-10-24 12:19:13,530 - app.repl - INFO - Advanced Python Calculator started. Type 'exit' to quit.
2024-10-24 12:19:13,567 - app.repl - INFO - Calculator exited.
2024-10-24 12:19:13,732 - app.repl - INFO - Advanced Python Calculator started. Type 'exit' to quit.
2024-10-24 12:19:13,735 - app.repl - ERROR - Invalid input: non-numeric value provided.
2024-10-24 12:19:13,736 - app.repl - INFO - Calculator exited.
2024-10-24 12:19:13,794 - app.repl - INFO - Advanced Python Calculator started. Type 'exit' to quit.
2024-10-24 12:19:13,797 - app.repl - WARNING - Unknown command: invalid_command
2024-10-24 12:19:13,798 - app.repl - INFO - Calculator exited.
2024-10-24 12:19:13,802 - app.repl - INFO - Advanced Python Calculator started. Type 'exit' to quit.
2024-10-24 12:19:13,806 - app.repl - INFO - Calculator exited.
2024-10-24 12:19:13,853 - app.repl - INFO - Advanced Python Calculator started. Type 'exit' to quit.
2024-10-24 12:19:13,859 - app.repl - INFO - Calculator exited.
2024-10-24 12:19:13,981 - app.repl - INFO - Advanced Python Calculator started. Type 'exit' to quit.
2024-10-24 12:19:13,985 - app.repl - WARNING - Invalid input format.
2024-10-24 12:19:13,986 - app.repl - INFO - Calculator exited.
2024-10-24 12:35:22,153 - app.repl - INFO - Advanced Python Calculator started. Type 'exit' to quit.
2024-10-24 12:35:22,175 - app.repl - INFO - Calculator exited.
2024-10-24 12:35:22,343 - app.repl - INFO - Advanced Python Calculator started. Type 'exit' to quit.
2024-10-24 12:35:22,357 - app.repl - ERROR - Invalid input: non-numeric value provided.
2024-10-24 12:35:22,359 - app.repl - INFO - Calculator exited.
2024-10-24 12:35:22,434 - app.repl - INFO - Advanced Python Calculator started. Type 'exit' to quit.
2024-10-24 12:35:22,438 - app.repl - WARNING - Unknown command: invalid_command
2024-10-24 12:35:22,440 - app.repl - INFO - Calculator exited.
2024-10-24 12:35:22,447 - app.repl - INFO - Advanced Python Calculator started. Type 'exit' to quit.
2024-10-24 12:35:22,457 - app.repl - INFO - Calculator exited.
2024-10-24 12:35:22,514 - app.repl - INFO - Advanced Python Calculator started. Type 'exit' to quit.
2024-10-24 12:35:22,525 - app.repl - INFO - Calculator exited.
2024-10-24 12:35:22,629 - app.repl - INFO - Advanced Python Calculator started. Type 'exit' to quit.
2024-10-24 12:35:22,632 - app.repl - WARNING - Invalid input format.
2024-10-24 12:35:22,633 - app.repl - INFO - Calculator exited.
2024-10-24 12:41:13,976 - app.repl - INFO - Advanced Python Calculator started. Type 'exit' to quit.
2024-10-24 12:41:13,982 - app.repl - INFO - History loaded successfully.
2024-10-24 12:41:14,010 - app.repl - INFO - Advanced Python Calculator started. Type 'exit' to quit.
2024-10-24 12:41:14,015 - app.repl - INFO - History cleared successfully.
2024-10-24 12:41:14,035 - app.repl - INFO - Advanced Python Calculator started. Type 'exit' to quit.
2024-10-24 12:41:14,050 - app.repl - INFO - Advanced Python Calculator started. Type 'exit' to quit.
2024-10-24 12:41:14,060 - app.repl - INFO - Advanced Python Calculator started. Type 'exit' to quit.
2024-10-24 12:41:14,062 - app.repl - ERROR - Invalid input: non-numeric value provided.
2024-10-24 12:42:23,088 - app.repl - INFO - Advanced Python Calculator started. Type 'exit' to quit.
2024-10-24 12:42:23,112 - app.repl - INFO - History loaded successfully.
2024-10-24 12:42:23,115 - app.repl - INFO - Calculator exited.
2024-10-24 12:42:23,200 - app.repl - INFO - Advanced Python Calculator started. Type 'exit' to quit.
2024-10-24 12:42:23,204 - app.repl - INFO - History cleared successfully.
2024-10-24 12:42:23,206 - app.repl - INFO - Calculator exited.
2024-10-24 12:42:23,319 - app.repl - INFO - Advanced Python Calculator started. Type 'exit' to quit.
2024-10-24 12:42:23,330 - app.repl - INFO - Calculator exited.
2024-10-24 12:42:23,408 - app.repl - INFO - Advanced Python Calculator started. Type 'exit' to quit.
2024-10-24 12:42:23,416 - app.repl - INFO - Calculator exited.
2024-10-24 12:42:23,486 - app.repl - INFO - Advanced Python Calculator started. Type 'exit' to quit.
2024-10-24 12:42:23,491 - app.repl - ERROR - Invalid input: non-numeric value provided.
2024-10-24 12:42:23,493 - app.repl - INFO - Calculator exited.
2024-10-24 12:47:21,671 - app.repl - INFO - Advanced Python Calculator started. Type 'exit' to quit.
2024-10-24 12:47:21,701 - app.repl - INFO - Calculator exited.
2024-10-24 12:47:21,706 - app.repl - INFO - Advanced Python Calculator started. Type 'exit' to quit.
2024-10-24 12:47:21,719 - app.repl - INFO - Calculator exited.
2024-10-24 12:47:21,832 - app.repl - INFO - Advanced Python Calculator started. Type 'exit' to quit.
2024-10-24 12:47:21,846 - app.repl - INFO - Calculator exited.
2024-10-24 12:47:21,957 - app.repl - INFO - Advanced Python Calculator started. Type 'exit' to quit.
2024-10-24 12:47:21,967 - app.repl - INFO - Calculator exited.
2024-10-24 12:47:22,039 - app.repl - INFO - Advanced Python Calculator started. Type 'exit' to quit.
2024-10-24 12:47:22,047 - app.repl - INFO - Calculator exited.
2024-10-24 12:47:22,136 - app.repl - INFO - Advanced Python Calculator started. Type 'exit' to quit.
2024-10-24 12:47:22,142 - app.repl - ERROR - Invalid input: non-numeric value provided.
2024-10-24 12:47:22,144 - app.repl - INFO - Calculator exited.
2024-10-24 12:49:16,135 - app.repl - INFO - Advanced Python Calculator started. Type 'exit' to quit.
2024-10-24 12:49:16,147 - app.repl - INFO - Calculator exited.
2024-10-24 12:49:16,160 - app.repl - INFO - Advanced Python Calculator started. Type 'exit' to quit.
2024-10-24 12:49:16,176 - app.repl - INFO - Calculator exited.
2024-10-24 12:49:16,283 - app.repl - INFO - Advanced Python Calculator started. Type 'exit' to quit.
2024-10-24 12:49:16,293 - app.repl - INFO - Calculator exited.
2024-10-24 12:49:16,409 - app.repl - INFO - Advanced Python Calculator started. Type 'exit' to quit.
2024-10-24 12:49:16,419 - app.repl - INFO - Calculator exited.
2024-10-24 12:49:16,519 - app.repl - INFO - Advanced Python Calculator started. Type 'exit' to quit.
2024-10-24 12:49:16,530 - app.repl - INFO - Calculator exited.
2024-10-24 12:49:16,622 - app.repl - INFO - Advanced Python Calculator started. Type 'exit' to quit.
2024-10-24 12:49:16,626 - app.repl - ERROR - Invalid input: non-numeric value provided.
2024-10-24 12:49:16,629 - app.repl - INFO - Calculator exited.
2024-10-24 12:52:33,374 - app.repl - INFO - Advanced Python Calculator started. Type 'exit' to quit.
2024-10-24 12:52:33,393 - app.repl - INFO - Calculator exited.
2024-10-24 12:52:33,490 - app.repl - INFO - Advanced Python Calculator started. Type 'exit' to quit.
2024-10-24 12:52:33,505 - app.repl - INFO - Calculator exited.
2024-10-24 12:52:33,607 - app.repl - INFO - Advanced Python Calculator started. Type 'exit' to quit.
2024-10-24 12:52:33,621 - app.repl - INFO - Calculator exited.
2024-10-24 12:54:14,546 - app.repl - INFO - Advanced Python Calculator started. Type 'exit' to quit.
2024-10-24 12:54:14,608 - app.repl - INFO - Calculator exited.
2024-10-24 12:54:14,845 - app.repl - INFO - Advanced Python Calculator started. Type 'exit' to quit.
2024-10-24 12:54:14,853 - app.repl - INFO - Calculator exited.
2024-10-24 12:54:14,946 - app.repl - INFO - Advanced Python Calculator started. Type 'exit' to quit.
2024-10-24 12:54:14,966 - app.repl - INFO - Calculator exited.
2024-10-24 12:55:09,213 - app.repl - INFO - Advanced Python Calculator started. Type 'exit' to quit.
2024-10-24 12:55:09,224 - app.repl - INFO - Calculator exited.
2024-10-24 12:55:09,441 - app.repl - INFO - Advanced Python Calculator started. Type 'exit' to quit.
2024-10-24 12:55:09,450 - app.repl - INFO - Calculator exited.
2024-10-24 12:55:09,518 - app.repl - INFO - Advanced Python Calculator started. Type 'exit' to quit.
2024-10-24 12:55:09,526 - app.repl - INFO - Calculator exited.
2024-10-24 12:56:09,035 - app.repl - INFO - Advanced Python Calculator started. Type 'exit' to quit.
2024-10-24 12:56:09,051 - app.repl - INFO - Calculator exited.
2024-10-24 12:56:09,235 - app.repl - INFO - Advanced Python Calculator started. Type 'exit' to quit.
2024-10-24 12:56:09,263 - app.repl - INFO - Calculator exited.
2024-10-24 12:56:09,370 - app.repl - INFO - Advanced Python Calculator started. Type 'exit' to quit.
2024-10-24 12:56:09,382 - app.repl - INFO - Calculator exited.
2024-10-24 13:02:25,867 - app.repl - INFO - Advanced Python Calculator started. Type 'exit' to quit.
2024-10-24 13:02:25,873 - app.repl - INFO - Calculator exited.
2024-10-24 13:02:26,048 - app.repl - INFO - Advanced Python Calculator started. Type 'exit' to quit.
2024-10-24 13:02:26,051 - app.repl - INFO - Calculator exited.
2024-10-24 13:02:26,121 - app.repl - INFO - Advanced Python Calculator started. Type 'exit' to quit.
2024-10-24 13:02:26,124 - app.repl - INFO - Calculator exited.
2024-10-24 13:07:42,742 - app.repl - INFO - Advanced Python Calculator started. Type 'exit' to quit.
2024-10-24 13:07:42,755 - app.repl - INFO - Calculator exited.
2024-10-24 13:07:42,952 - app.repl - INFO - Advanced Python Calculator started. Type 'exit' to quit.
2024-10-24 13:07:42,955 - app.repl - INFO - Calculator exited.
2024-10-24 13:07:43,028 - app.repl - INFO - Advanced Python Calculator started. Type 'exit' to quit.
2024-10-24 13:07:43,031 - app.repl - INFO - Calculator exited.
2024-10-24 13:10:18,720 - app.repl - INFO - Advanced Python Calculator started. Type 'exit' to quit.
2024-10-24 13:10:18,732 - app.repl - INFO - Calculator exited.
2024-10-24 13:10:18,945 - app.repl - INFO - Advanced Python Calculator started. Type 'exit' to quit.
2024-10-24 13:10:18,953 - app.repl - INFO - Calculator exited.
2024-10-24 13:10:19,065 - app.repl - INFO - Advanced Python Calculator started. Type 'exit' to quit.
2024-10-24 13:10:19,071 - app.repl - INFO - Calculator exited.
2024-10-24 13:13:40,548 - app.repl - INFO - Advanced Python Calculator started. Type 'exit' to quit.
2024-10-24 13:13:40,556 - app.repl - INFO - Calculator exited.
2024-10-24 13:13:40,741 - app.repl - INFO - Advanced Python Calculator started. Type 'exit' to quit.
2024-10-24 13:13:40,747 - app.repl - INFO - Calculator exited.
2024-10-24 13:13:40,818 - app.repl - INFO - Advanced Python Calculator started. Type 'exit' to quit.
2024-10-24 13:13:40,822 - app.repl - INFO - Calculator exited.
2024-10-24 13:25:27,263 - app.repl - INFO - Advanced Python Calculator started. Type 'exit' to quit.
2024-10-24 13:25:27,271 - app.repl - INFO - Calculator exited.
2024-10-24 13:25:27,480 - app.repl - INFO - Advanced Python Calculator started. Type 'exit' to quit.
2024-10-24 13:25:27,484 - app.repl - INFO - Calculator exited.
2024-10-24 13:25:27,568 - app.repl - INFO - Advanced Python Calculator started. Type 'exit' to quit.
2024-10-24 13:25:27,572 - app.repl - INFO - Calculator exited.
2024-10-24 13:32:05,051 - app.repl - INFO - Advanced Python Calculator started. Type 'exit' to quit.
2024-10-24 13:32:05,069 - app.repl - INFO - Calculator exited.
2024-10-24 13:32:06,384 - app.repl - INFO - Advanced Python Calculator started. Type 'exit' to quit.
2024-10-24 13:32:06,400 - app.repl - INFO - Calculator exited.
2024-10-24 13:32:06,500 - app.repl - INFO - Advanced Python Calculator started. Type 'exit' to quit.
2024-10-24 13:32:06,515 - app.repl - INFO - Calculator exited.
2024-10-24 13:33:34,481 - app.repl - INFO - Advanced Python Calculator started. Type 'exit' to quit.
2024-10-24 13:33:34,487 - app.repl - INFO - Calculator exited.
2024-10-24 13:33:34,836 - app.repl - INFO - Advanced Python Calculator started. Type 'exit' to quit.
2024-10-24 13:33:34,842 - app.repl - INFO - Calculator exited.
2024-10-24 13:33:34,964 - app.repl - INFO - Advanced Python Calculator started. Type 'exit' to quit.
2024-10-24 13:33:34,970 - app.repl - INFO - Calculator exited.
2024-10-24 13:33:35,084 - app.repl - INFO - Advanced Python Calculator started. Type 'exit' to quit.
2024-10-24 13:33:35,089 - app.repl - INFO - Calculator exited.
2024-10-24 13:34:15,589 - app.repl - INFO - Advanced Python Calculator started. Type 'exit' to quit.
2024-10-24 13:34:15,601 - app.repl - INFO - Calculator exited.
2024-10-24 13:34:15,775 - app.repl - INFO - Advanced Python Calculator started. Type 'exit' to quit.
2024-10-24 13:34:15,778 - app.repl - INFO - Calculator exited.
2024-10-24 13:34:15,855 - app.repl - INFO - Advanced Python Calculator started. Type 'exit' to quit.
2024-10-24 13:34:15,858 - app.repl - INFO - Calculator exited.
2024-10-24 15:26:11,989 - app.repl - INFO - Advanced Python Calculator started. Type 'exit' to quit.
2024-10-24 15:26:12,002 - app.repl - INFO - Calculator exited.
2024-10-24 15:26:12,128 - app.repl - INFO - Advanced Python Calculator started. Type 'exit' to quit.
2024-10-24 15:26:12,131 - app.repl - INFO - Calculator exited.
2024-10-24 15:26:12,199 - app.repl - INFO - Advanced Python Calculator started. Type 'exit' to quit.
2024-10-24 15:26:12,201 - app.repl - INFO - Calculator exited.
2024-10-24 15:27:05,484 - app.repl - INFO - Advanced Python Calculator started. Type 'exit' to quit.
2024-10-24 15:27:05,491 - app.repl - INFO - Calculator exited.
2024-10-24 15:27:05,612 - app.repl - INFO - Advanced Python Calculator started. Type 'exit' to quit.
2024-10-24 15:27:05,616 - app.repl - INFO - Calculator exited.
2024-10-24 15:27:05,686 - app.repl - INFO - Advanced Python Calculator started. Type 'exit' to quit.
2024-10-24 15:27:05,691 - app.repl - INFO - Calculator exited.
2024-10-24 15:27:34,541 - app.repl - INFO - Advanced Python Calculator started. Type 'exit' to quit.
2024-10-24 15:27:34,545 - app.repl - INFO - Calculator exited.
2024-10-24 15:27:34,642 - app.repl - INFO - Advanced Python Calculator started. Type 'exit' to quit.
2024-10-24 15:27:34,644 - app.repl - INFO - Calculator exited.
2024-10-24 15:27:34,689 - app.repl - INFO - Advanced Python Calculator started. Type 'exit' to quit.
2024-10-24 15:27:34,693 - app.repl - INFO - Calculator exited.
2024-10-24 15:27:49,899 - app.repl - INFO - Advanced Python Calculator started. Type 'exit' to quit.
2024-10-24 15:27:49,901 - app.repl - INFO - Calculator exited.
2024-10-24 15:27:50,016 - app.repl - INFO - Advanced Python Calculator started. Type 'exit' to quit.
2024-10-24 15:27:50,019 - app.repl - INFO - Calculator exited.
2024-10-24 15:27:50,100 - app.repl - INFO - Advanced Python Calculator started. Type 'exit' to quit.
2024-10-24 15:27:50,104 - app.repl - INFO - Calculator exited.
2024-10-25 12:20:27,582 - __main__ - INFO - Advanced Python Calculator started. Type 'exit' to quit.
2024-10-25 12:20:54,163 - __main__ - INFO - Calculator exited.
2024-10-25 12:21:02,627 - __main__ - INFO - Advanced Python Calculator started. Type 'exit' to quit.
2024-10-25 12:21:25,383 - __main__ - WARNING - Unknown command: subtrac
2024-10-25 12:22:06,758 - __main__ - INFO - Calculator exited.
2024-10-25 12:23:05,395 - __main__ - INFO - Advanced Python Calculator started. Type 'exit' to quit.
2024-10-25 12:23:16,882 - __main__ - INFO - Calculator exited.
2024-10-25 12:40:56,169 - __main__ - INFO - Advanced Python Calculator started. Type 'exit' to quit.
2024-10-25 12:41:32,547 - __main__ - ERROR - Invalid input: non-numeric value provided.
2024-10-25 12:41:41,937 - __main__ - INFO - Calculator exited.
2024-10-25 12:42:47,982 - __main__ - INFO - Advanced Python Calculator started. Type 'exit' to quit.
2024-10-25 12:43:29,100 - __main__ - INFO - Calculator exited.
